<?xml version="1.0" encoding="UTF-8"?>
<!-- Generated by org.testng.reporters.JUnitReportReporter -->
<testsuite hostname="sagar" failures="0" tests="1" name="execution.AmazonFailedRunnerTest" time="15.766" errors="0" timestamp="2023-09-11T10:14:32 IST" skipped="0">
  <testcase classname="execution.AmazonFailedRunnerTest" name="runScenario" time="15.766"/>
  <system-out/>
</testsuite> <!-- execution.AmazonFailedRunnerTest -->
